  ResourceManager.cpp
e:\ws gameloft 2017\newtrainingframework2017\newtrainingframework\stogli.h(6): warning C4996: 'stricmp': The POSIX name for this item is deprecated. Instead, use the ISO C and C++ conformant name: _stricmp. See online help for details.
  C:\Program Files (x86)\Windows Kits\10\Include\10.0.16299.0\ucrt\string.h(554): note: see declaration of 'stricmp'
e:\ws gameloft 2017\newtrainingframework2017\newtrainingframework\stogli.h(8): warning C4996: 'stricmp': The POSIX name for this item is deprecated. Instead, use the ISO C and C++ conformant name: _stricmp. See online help for details.
  C:\Program Files (x86)\Windows Kits\10\Include\10.0.16299.0\ucrt\string.h(554): note: see declaration of 'stricmp'
e:\ws gameloft 2017\newtrainingframework2017\newtrainingframework\stogli.h(10): warning C4996: 'stricmp': The POSIX name for this item is deprecated. Instead, use the ISO C and C++ conformant name: _stricmp. See online help for details.
  C:\Program Files (x86)\Windows Kits\10\Include\10.0.16299.0\ucrt\string.h(554): note: see declaration of 'stricmp'
e:\ws gameloft 2017\newtrainingframework2017\newtrainingframework\stogli.h(12): warning C4996: 'stricmp': The POSIX name for this item is deprecated. Instead, use the ISO C and C++ conformant name: _stricmp. See online help for details.
  C:\Program Files (x86)\Windows Kits\10\Include\10.0.16299.0\ucrt\string.h(554): note: see declaration of 'stricmp'
e:\ws gameloft 2017\newtrainingframework2017\newtrainingframework\stogli.h(14): warning C4996: 'stricmp': The POSIX name for this item is deprecated. Instead, use the ISO C and C++ conformant name: _stricmp. See online help for details.
  C:\Program Files (x86)\Windows Kits\10\Include\10.0.16299.0\ucrt\string.h(554): note: see declaration of 'stricmp'
e:\ws gameloft 2017\newtrainingframework2017\newtrainingframework\stogli.h(16): warning C4996: 'stricmp': The POSIX name for this item is deprecated. Instead, use the ISO C and C++ conformant name: _stricmp. See online help for details.
  C:\Program Files (x86)\Windows Kits\10\Include\10.0.16299.0\ucrt\string.h(554): note: see declaration of 'stricmp'
e:\ws gameloft 2017\newtrainingframework2017\newtrainingframework\stogli.h(18): warning C4996: 'stricmp': The POSIX name for this item is deprecated. Instead, use the ISO C and C++ conformant name: _stricmp. See online help for details.
  C:\Program Files (x86)\Windows Kits\10\Include\10.0.16299.0\ucrt\string.h(554): note: see declaration of 'stricmp'
e:\ws gameloft 2017\newtrainingframework2017\newtrainingframework\stogli.h(20): warning C4996: 'stricmp': The POSIX name for this item is deprecated. Instead, use the ISO C and C++ conformant name: _stricmp. See online help for details.
  C:\Program Files (x86)\Windows Kits\10\Include\10.0.16299.0\ucrt\string.h(554): note: see declaration of 'stricmp'
e:\ws gameloft 2017\newtrainingframework2017\newtrainingframework\stogli.h(22): warning C4996: 'stricmp': The POSIX name for this item is deprecated. Instead, use the ISO C and C++ conformant name: _stricmp. See online help for details.
  C:\Program Files (x86)\Windows Kits\10\Include\10.0.16299.0\ucrt\string.h(554): note: see declaration of 'stricmp'
  Generating code
  0 of 1323 functions ( 0.0%) were compiled, the rest were copied from previous compilation.
    0 functions were new in current compilation
    0 functions had inline decision re-evaluated but remain unchanged
  Finished generating code
  NewTrainingFramework.vcxproj -> E:\WS GameLoft 2017\NewTrainingFramework2017\\BIN-Nvidia\NewTrainingFramework.exe
